[05Apr2025 00:00:36.362] [Server thread/WARN] [net.minecraft.server.network.ServerGamePacketListenerImpl/]: supertrooper394 moved too quickly! -678.8000000119209,13.0,-126.4500567374846
[05Apr2025 00:02:11.881] [Server thread/INFO] [net.minecraft.server.MinecraftServer/]: supertrooper394 has made the advancement [The Parrots and the Bats]
[05Apr2025 00:26:08.357] [Server thread/INFO] [net.minecraft.server.MinecraftServer/]: Nyaaaa2314 has made the advancement [Fishy Business]
[05Apr2025 00:28:27.589] [Server thread/WARN] [net.minecraft.server.network.ServerGamePacketListenerImpl/]: Nyaaaa2314 moved too quickly! 26.26450206342861,48.5,-25.378547726140482
[05Apr2025 00:28:27.589] [Server thread/WARN] [net.minecraft.server.network.ServerGamePacketListenerImpl/]: Nyaaaa2314 moved too quickly! 26.26450206342861,48.5,-25.378547726140482
[05Apr2025 00:28:27.608] [Server thread/WARN] [net.minecraft.server.network.ServerGamePacketListenerImpl/]: Nyaaaa2314 moved too quickly! 26.26450206342861,48.5,-25.378547726140482
[05Apr2025 00:28:27.622] [Server thread/WARN] [net.minecraft.server.network.ServerGamePacketListenerImpl/]: Nyaaaa2314 moved too quickly! 26.26450206342861,48.5,-25.378547726140482
[05Apr2025 00:45:43.905] [Server thread/INFO] [net.minecraft.server.MinecraftServer/]: [Nyaaaa2314: Set the weather to rain & thunder]
[05Apr2025 00:48:41.007] [Server thread/WARN] [net.minecraft.server.network.ServerGamePacketListenerImpl/]: Nyaaaa2314 moved wrongly!
[05Apr2025 00:52:59.430] [Server thread/INFO] [net.minecraft.server.network.ServerGamePacketListenerImpl/]: Nyaaaa2314 lost connection: Disconnected
[05Apr2025 00:52:59.430] [Server thread/INFO] [net.minecraft.server.MinecraftServer/]: Nyaaaa2314 left the game
[05Apr2025 00:53:00.379] [Server thread/INFO] [net.minecraft.server.network.ServerGamePacketListenerImpl/]: supertrooper394 lost connection: Disconnected
[05Apr2025 00:53:00.379] [Server thread/INFO] [net.minecraft.server.MinecraftServer/]: supertrooper394 left the game
[05Apr2025 00:53:12.176] [Server thread/INFO] [net.minecraft.server.MinecraftServer/]: Stopping the server
[05Apr2025 00:53:12.224] [Server thread/INFO] [net.minecraft.server.MinecraftServer/]: Stopping server
[05Apr2025 00:53:12.225] [Server thread/INFO] [net.minecraft.server.MinecraftServer/]: Saving players
[05Apr2025 00:53:12.225] [Server thread/INFO] [net.minecraft.server.MinecraftServer/]: Saving worlds
[05Apr2025 00:53:12.247] [Server thread/INFO] [net.minecraft.server.MinecraftServer/]: Saving chunks for level 'ServerLevel[world]'/minecraft:overworld
[05Apr2025 00:53:12.286] [Server thread/INFO] [net.minecraft.server.MinecraftServer/]: Saving chunks for level 'ServerLevel[world]'/undergarden:undergarden
[05Apr2025 00:53:12.286] [Server thread/INFO] [net.minecraft.server.MinecraftServer/]: Saving chunks for level 'ServerLevel[world]'/aether:the_aether
[05Apr2025 00:53:12.287] [Server thread/INFO] [net.minecraft.server.MinecraftServer/]: Saving chunks for level 'ServerLevel[world]'/dimdungeons:dungeon_dimension
[05Apr2025 00:53:12.287] [Server thread/INFO] [net.minecraft.server.MinecraftServer/]: Saving chunks for level 'ServerLevel[world]'/minecraft:the_nether
[05Apr2025 00:53:12.300] [Server thread/INFO] [net.minecraft.server.MinecraftServer/]: Saving chunks for level 'ServerLevel[world]'/minecraft:the_end
[05Apr2025 00:53:12.300] [Server thread/INFO] [net.minecraft.server.MinecraftServer/]: Saving chunks for level 'ServerLevel[world]'/dimdungeons:build_dimension
[05Apr2025 00:53:12.301] [Server thread/INFO] [net.minecraft.server.MinecraftServer/]: Saving chunks for level 'ServerLevel[world]'/twilightforest:twilight_forest
[05Apr2025 00:53:12.354] [Server thread/INFO] [net.minecraft.server.MinecraftServer/]: ThreadedAnvilChunkStorage (world): All chunks are saved
[05Apr2025 00:53:12.354] [Server thread/INFO] [net.minecraft.server.MinecraftServer/]: ThreadedAnvilChunkStorage (undergarden): All chunks are saved
[05Apr2025 00:53:12.354] [Server thread/INFO] [net.minecraft.server.MinecraftServer/]: ThreadedAnvilChunkStorage (the_aether): All chunks are saved
[05Apr2025 00:53:12.354] [Server thread/INFO] [net.minecraft.server.MinecraftServer/]: ThreadedAnvilChunkStorage (dungeon_dimension): All chunks are saved
[05Apr2025 00:53:12.355] [Server thread/INFO] [net.minecraft.server.MinecraftServer/]: ThreadedAnvilChunkStorage (DIM-1): All chunks are saved
[05Apr2025 00:53:12.355] [Server thread/INFO] [net.minecraft.server.MinecraftServer/]: ThreadedAnvilChunkStorage (DIM1): All chunks are saved
[05Apr2025 00:53:12.355] [Server thread/INFO] [net.minecraft.server.MinecraftServer/]: ThreadedAnvilChunkStorage (build_dimension): All chunks are saved
[05Apr2025 00:53:12.355] [Server thread/INFO] [net.minecraft.server.MinecraftServer/]: ThreadedAnvilChunkStorage (twilight_forest): All chunks are saved
[05Apr2025 00:53:12.355] [Server thread/INFO] [net.minecraft.server.MinecraftServer/]: ThreadedAnvilChunkStorage: All dimensions are saved
[05Apr2025 00:53:12.415] [Server thread/INFO] [Framework/]: Unloading server configs...
[05Apr2025 00:53:12.416] [Server thread/INFO] [Framework/]: Sending config unload event for goblintraders-entities.toml
[05Apr2025 00:53:12.423] [Server thread/INFO] [journeymap/]: Loading JourneyMap Forge Configs
